
Showing logs for build [32mcb-kubecd-environment-pr-200-6-qvlt6-1[0m stage [32mfrom-build-pack[0m and container [32mstep-credential-initializer-wjbjm[0m
{"level":"warn","ts":1586897914.8654287,"logger":"fallback-logger","caller":"logging/config.go:69","msg":"Fetch GitHub commit ID from kodata failed: \"ref: refs/heads/0.8.0-**-support-backwards-incompats\" is not a valid GitHub commit ID"}
{"level":"info","ts":1586897914.866246,"logger":"fallback-logger","caller":"creds-init/main.go:40","msg":"Credentials initialized."}

Showing logs for build [32mcb-kubecd-environment-pr-200-6-qvlt6-1[0m stage [32mfrom-build-pack[0m and container [32mstep-working-dir-initializer-jmwmg[0m
{"level":"warn","ts":1586897915.8794487,"logger":"fallback-logger","caller":"logging/config.go:69","msg":"Fetch GitHub commit ID from kodata failed: open /var/run/ko/HEAD: no such file or directory"}
{"level":"info","ts":1586897915.8823714,"logger":"fallback-logger","caller":"bash/main.go:64","msg":"Successfully executed command \"sh -c mkdir -p /workspace/source\"; output "}

Showing logs for build [32mcb-kubecd-environment-pr-200-6-qvlt6-1[0m stage [32mfrom-build-pack[0m and container [32mstep-place-tools[0m

Showing logs for build [32mcb-kubecd-environment-pr-200-6-qvlt6-1[0m stage [32mfrom-build-pack[0m and container [32mstep-git-source-cb-kubecd-environment-pr-200-6-qvlt6-vlqtz[0m
{"level":"warn","ts":1586897920.0084224,"logger":"fallback-logger","caller":"logging/config.go:69","msg":"Fetch GitHub commit ID from kodata failed: \"ref: refs/heads/0.8.0-**-support-backwards-incompats\" is not a valid GitHub commit ID"}
{"level":"info","ts":1586897920.9878654,"logger":"fallback-logger","caller":"git/git.go:103","msg":"Successfully cloned https://github.com/cb-kubecd/environment-pr-200-6-boot-vault-gke-production.git @ master in path /workspace/source"}

Showing logs for build [32mcb-kubecd-environment-pr-200-6-qvlt6-1[0m stage [32mfrom-build-pack[0m and container [32mstep-git-merge[0m
Using SHAs from PULL_REFS=master:6f4b1de407917fac7a3e3fa264b209308fbdd336,1:3a2a81f8dd8334e24823af6a103f9fdff3899748
DEBUG: LC_ALL=C JX_LOG_LEVEL=error git fetch origin --unshallow 3a2a81f8dd8334e24823af6a103f9fdff3899748: 6f4b1de407917fac7a3e3fa264b209308fbdd336:
DEBUG: ran git fetch --unshallow origin 3a2a81f8dd8334e24823af6a103f9fdff3899748: 6f4b1de407917fac7a3e3fa264b209308fbdd336: in 
DEBUG: LC_ALL=C JX_LOG_LEVEL=error git branch
DEBUG: LC_ALL=C JX_LOG_LEVEL=error git checkout master
DEBUG: ran git checkout master in 
DEBUG: LC_ALL=C JX_LOG_LEVEL=error git reset --hard 6f4b1de407917fac7a3e3fa264b209308fbdd336
DEBUG: ran git reset --hard 6f4b1de407917fac7a3e3fa264b209308fbdd336 in 
DEBUG: LC_ALL=C JX_LOG_LEVEL=error git clean -fd .
DEBUG: ran clean --force -d . in 
DEBUG: LC_ALL=C JX_LOG_LEVEL=error git merge 3a2a81f8dd8334e24823af6a103f9fdff3899748
DEBUG: ran git merge 3a2a81f8dd8334e24823af6a103f9fdff3899748 in 
DEBUG: JX_LOG_LEVEL=error LC_ALL=C git log --format=%H%x1f%an%x1f%ae%x1f%cn%x1f%ce%x1f%s%n%b%x1e 6f4b1de407917fac7a3e3fa264b209308fbdd336..HEAD
Merged SHA 3a2a81f8dd8334e24823af6a103f9fdff3899748 with commit message 'chore: Promote bdd-spring-1586896534 to version 0.0.1' into base branch master

Showing logs for build [32mcb-kubecd-environment-pr-200-6-qvlt6-1[0m stage [32mfrom-build-pack[0m and container [32mstep-build-helm-build[0m
WARNING: No $CHART_REPOSITORY defined so using the default value of: http://jenkins-x-chartmuseum:8080
Adding missing Helm repo: storage.googleapis.com https://storage.googleapis.com/chartmuseum.jenkins-x.io
WARNING: No secrets found on "helm/repos" due: reading the secret "helm/repos" from vault: no secret "helm/repos" not found in vault
Read credentials for https://storage.googleapis.com/chartmuseum.jenkins-x.io from vault helm/repos
Successfully added Helm repository storage.googleapis.com.
Adding missing Helm repo: jenkins-x-chartmuseum http://jenkins-x-chartmuseum:8080
WARNING: No secrets found on "helm/repos" due: reading the secret "helm/repos" from vault: no secret "helm/repos" not found in vault
Read credentials for http://jenkins-x-chartmuseum:8080 from vault helm/repos
Successfully added Helm repository jenkins-x-chartmuseum.
WARNING: No $CHART_REPOSITORY defined so using the default value of: http://jenkins-x-chartmuseum:8080
Adding missing Helm repo: chartmuseum.jenkins-x.io http://chartmuseum.jenkins-x.io
WARNING: No secrets found on "helm/repos" due: reading the secret "helm/repos" from vault: no secret "helm/repos" not found in vault
Read credentials for http://chartmuseum.jenkins-x.io from vault helm/repos
Successfully added Helm repository chartmuseum.jenkins-x.io.
